TN:
SF:C:\Users\ayush.srivastava03\Desktop\hoopla-project\hoopla-angular-material\hoopla-users-backend\src\app.js
FNF:0
FNH:0
DA:1,1
DA:2,1
DA:3,1
DA:4,1
DA:5,1
DA:6,1
DA:7,1
DA:8,1
DA:9,1
DA:11,1
DA:12,1
DA:13,1
DA:14,1
DA:15,1
DA:16,1
DA:18,1
DA:19,0
DA:20,0
DA:22,0
DA:25,1
DA:26,0
DA:27,0
DA:29,0
DA:33,1
DA:34,1
DA:36,1
LF:26
LH:20
BRDA:20,1,0,0
BRDA:20,1,1,0
BRDA:27,2,0,0
BRDA:27,2,1,0
BRF:4
BRH:0
end_of_record
TN:
SF:C:\Users\ayush.srivastava03\Desktop\hoopla-project\hoopla-angular-material\hoopla-users-backend\src\utilities\errorlogger.js
FNF:0
FNH:0
DA:1,1
DA:4,1
DA:5,0
DA:6,0
DA:7,0
DA:8,0
DA:11,0
DA:12,0
DA:14,0
DA:16,0
DA:17,0
DA:21,1
LF:12
LH:3
BRDA:5,1,0,0
BRDA:5,1,1,0
BRDA:7,2,0,0
BRDA:7,2,1,0
BRDA:11,3,0,0
BRDA:11,3,1,0
BRF:6
BRH:0
end_of_record
TN:
SF:C:\Users\ayush.srivastava03\Desktop\hoopla-project\hoopla-angular-material\hoopla-users-backend\src\utilities\requestlogger.js
FN:6,(anonymous_1)
FNF:1
FNH:1
FNDA:10,(anonymous_1)
DA:1,1
DA:4,1
DA:5,10
DA:6,10
DA:7,10
DA:9,10
DA:11,1
LF:7
LH:7
BRDA:7,1,0,0
BRDA:7,1,1,10
BRF:2
BRH:1
end_of_record
TN:
SF:C:\Users\ayush.srivastava03\Desktop\hoopla-project\hoopla-angular-material\hoopla-users-backend\src\routes\routing.js
FNF:0
FNH:0
DA:1,1
DA:2,1
DA:3,1
DA:4,1
DA:5,1
DA:6,1
DA:7,1
DA:8,1
DA:10,1
DA:11,1
DA:12,1
DA:13,1
DA:14,1
DA:16,0
DA:19,1
DA:20,1
DA:21,1
DA:22,1
DA:25,1
DA:27,0
DA:30,1
DA:31,0
DA:32,0
DA:33,0
DA:35,0
DA:37,1
DA:38,1
DA:39,1
DA:40,1
DA:44,1
DA:45,1
DA:46,1
DA:48,1
DA:51,0
DA:54,1
DA:55,0
DA:57,0
DA:61,0
DA:63,0
DA:65,1
DA:66,1
DA:68,1
DA:70,1
DA:74,0
DA:76,1
DA:77,1
DA:78,1
DA:79,1
DA:82,0
DA:84,1
DA:85,1
DA:86,1
DA:87,1
DA:89,0
DA:91,1
DA:92,1
DA:93,1
DA:95,1
DA:97,0
DA:100,1
DA:104,0
DA:105,0
DA:107,0
DA:108,0
DA:111,0
DA:114,0
DA:118,0
DA:120,0
DA:123,1
DA:124,2
DA:126,2
DA:128,2
DA:130,0
DA:133,1
DA:134,0
DA:135,0
DA:136,0
DA:138,0
DA:141,1
DA:142,0
DA:143,0
DA:144,0
DA:145,0
DA:146,0
DA:147,0
DA:148,0
DA:149,0
DA:151,0
DA:154,1
LF:89
LH:52
BRF:0
BRH:0
end_of_record
TN:
SF:C:\Users\ayush.srivastava03\Desktop\hoopla-project\hoopla-angular-material\hoopla-users-backend\src\service\user.js
FNF:0
FNH:0
DA:1,1
DA:3,1
DA:6,1
DA:7,1
DA:8,1
DA:11,1
DA:12,2
DA:14,2
DA:17,1
DA:18,1
DA:19,1
DA:22,1
DA:23,0
DA:24,0
DA:26,1
DA:27,1
DA:28,1
DA:31,1
DA:32,1
DA:33,1
DA:36,1
DA:37,0
DA:38,0
DA:41,1
DA:42,1
DA:45,1
DA:48,1
DA:49,1
DA:50,1
DA:53,1
DA:54,1
DA:55,1
DA:58,1
DA:60,0
DA:62,0
DA:63,0
DA:67,0
DA:69,1
DA:71,0
DA:72,0
DA:73,0
DA:74,0
DA:75,0
DA:76,0
DA:77,0
DA:78,0
DA:79,0
DA:80,0
DA:82,0
DA:84,0
DA:85,0
DA:87,0
DA:97,1
DA:98,1
DA:99,1
DA:103,1
DA:104,0
DA:105,0
DA:108,1
LF:59
LH:35
BRF:0
BRH:0
end_of_record
TN:
SF:C:\Users\ayush.srivastava03\Desktop\hoopla-project\hoopla-angular-material\hoopla-users-backend\src\model\user.js
FNF:0
FNH:0
DA:1,1
DA:2,1
DA:3,1
DA:4,0
DA:5,0
DA:6,0
DA:7,0
DA:8,0
DA:12,1
DA:13,0
DA:14,0
DA:15,0
DA:16,0
DA:18,0
DA:19,0
DA:24,1
DA:25,1
DA:26,1
DA:27,1
DA:28,1
DA:29,1
DA:30,1
DA:31,1
DA:35,0
DA:36,0
DA:37,0
DA:40,0
DA:41,0
DA:42,0
DA:47,1
DA:48,1
DA:49,1
DA:50,1
DA:51,1
DA:52,1
DA:53,1
DA:54,1
DA:58,0
DA:59,0
DA:60,0
DA:63,0
DA:64,0
DA:65,0
DA:70,1
DA:71,1
DA:72,1
DA:74,1
DA:75,0
DA:76,0
DA:77,0
DA:80,1
DA:85,1
DA:87,1
DA:88,1
DA:89,1
DA:90,1
DA:91,1
DA:92,0
DA:93,0
DA:94,0
DA:97,1
DA:98,1
DA:103,1
DA:104,0
DA:106,0
DA:107,0
DA:110,0
DA:114,0
DA:117,0
DA:118,0
DA:124,1
DA:125,1
DA:126,1
DA:129,1
DA:130,1
DA:131,1
DA:134,0
DA:139,1
DA:140,1
DA:141,1
DA:144,0
DA:145,1
DA:148,1
DA:149,1
DA:150,1
DA:152,0
DA:153,1
DA:156,1
DA:157,0
DA:159,0
DA:160,0
DA:162,0
DA:166,0
DA:167,0
DA:169,0
DA:172,0
DA:176,0
DA:179,0
DA:182,1
DA:183,0
DA:188,0
DA:191,0
DA:193,0
DA:194,0
DA:195,0
DA:199,0
DA:200,0
DA:201,0
DA:203,0
DA:204,0
DA:206,0
DA:208,0
DA:211,0
DA:215,0
DA:217,0
DA:218,0
DA:220,0
DA:227,0
DA:228,0
DA:229,0
DA:230,0
DA:237,0
DA:238,0
DA:239,0
DA:240,0
DA:245,0
DA:246,0
DA:247,0
DA:248,0
DA:254,0
DA:255,0
DA:256,0
DA:264,1
DA:265,1
DA:266,1
DA:268,1
DA:269,0
DA:270,0
DA:271,0
DA:274,1
DA:277,0
DA:280,1
DA:281,0
DA:282,0
DA:283,0
DA:284,0
DA:285,0
DA:286,0
DA:287,0
DA:290,0
DA:292,0
DA:298,1
DA:299,2
DA:301,2
DA:304,2
DA:305,0
DA:309,1
LF:157
LH:61
BRDA:27,1,0,1
BRDA:27,1,1,0
BRDA:28,2,0,1
BRDA:28,2,1,0
BRDA:30,3,0,1
BRDA:30,3,1,0
BRDA:50,4,0,1
BRDA:50,4,1,0
BRDA:51,5,0,1
BRDA:51,5,1,0
BRDA:53,6,0,1
BRDA:53,6,1,0
BRDA:74,7,0,0
BRDA:74,7,1,1
BRDA:91,8,0,0
BRDA:91,8,1,1
BRDA:107,9,0,0
BRDA:107,9,1,0
BRDA:129,10,0,1
BRDA:129,10,1,0
BRDA:160,11,0,0
BRDA:160,11,1,0
BRDA:167,12,0,0
BRDA:167,12,1,0
BRDA:193,13,0,0
BRDA:193,13,1,0
BRDA:199,14,0,0
BRDA:199,14,1,0
BRDA:200,15,0,0
BRDA:200,15,1,0
BRDA:203,16,0,0
BRDA:203,16,1,0
BRDA:208,17,0,0
BRDA:208,17,1,0
BRDA:268,18,0,0
BRDA:268,18,1,1
BRDA:284,19,0,0
BRDA:284,19,1,0
BRF:38
BRH:10
end_of_record
TN:
SF:C:\Users\ayush.srivastava03\Desktop\hoopla-project\hoopla-angular-material\hoopla-users-backend\src\utilities\connection.js
FNF:0
FNH:0
DA:1,1
DA:2,1
DA:3,1
DA:4,1
DA:5,1
DA:7,1
DA:22,1
DA:43,1
DA:56,1
DA:67,1
DA:84,1
DA:88,1
DA:90,2
DA:91,2
DA:93,0
DA:94,0
DA:95,0
DA:98,1
DA:99,2
DA:100,2
DA:102,0
DA:103,0
DA:104,0
DA:107,1
DA:108,4
DA:109,4
DA:111,0
DA:112,0
DA:113,0
DA:116,1
DA:117,1
DA:118,1
DA:120,0
DA:121,0
DA:122,0
DA:125,1
DA:126,1
DA:127,1
DA:129,0
DA:130,0
DA:131,0
DA:134,1
LF:42
LH:27
BRF:0
BRH:0
end_of_record
TN:
SF:C:\Users\ayush.srivastava03\Desktop\hoopla-project\hoopla-angular-material\hoopla-users-backend\src\model\cart.js
FN:2,(anonymous_1)
FNF:1
FNH:0
FNDA:0,(anonymous_1)
DA:3,0
DA:4,0
DA:5,0
DA:6,0
DA:7,0
DA:8,0
DA:9,0
DA:13,1
LF:8
LH:1
BRF:0
BRH:0
end_of_record
TN:
SF:C:\Users\ayush.srivastava03\Desktop\hoopla-project\hoopla-angular-material\hoopla-users-backend\src\model\login.js
FN:2,(anonymous_1)
FNF:1
FNH:1
FNDA:1,(anonymous_1)
DA:3,1
DA:4,1
DA:8,1
DA:15,1
LF:4
LH:4
BRF:0
BRH:0
end_of_record
TN:
SF:C:\Users\ayush.srivastava03\Desktop\hoopla-project\hoopla-angular-material\hoopla-users-backend\src\model\vieworder.js
FN:2,(anonymous_1)
FNF:1
FNH:0
FNDA:0,(anonymous_1)
DA:3,0
DA:4,0
DA:5,0
DA:6,0
DA:7,0
DA:8,0
DA:9,0
DA:10,0
DA:14,1
LF:9
LH:1
BRF:0
BRH:0
end_of_record
TN:
SF:C:\Users\ayush.srivastava03\Desktop\hoopla-project\hoopla-angular-material\hoopla-users-backend\src\model\seller.js
FN:2,(anonymous_1)
FNF:1
FNH:1
FNDA:1,(anonymous_1)
DA:3,1
DA:4,1
DA:8,1
DA:17,1
LF:4
LH:4
BRF:0
BRH:0
end_of_record
TN:
SF:C:\Users\ayush.srivastava03\Desktop\hoopla-project\hoopla-angular-material\hoopla-users-backend\src\model\prod.js
FN:2,(anonymous_1)
FNF:1
FNH:0
FNDA:0,(anonymous_1)
DA:3,0
DA:15,1
LF:2
LH:1
BRF:0
BRH:0
end_of_record
TN:
SF:C:\Users\ayush.srivastava03\Desktop\hoopla-project\hoopla-angular-material\hoopla-users-backend\src\model\dbSetup.js
FNF:0
FNH:0
DA:1,1
DA:2,1
DA:3,1
DA:21,1
DA:23,1
DA:24,0
DA:25,0
DA:26,0
DA:27,0
DA:28,0
DA:33,1
DA:34,0
DA:35,0
DA:36,0
DA:37,0
DA:38,0
DA:43,1
LF:17
LH:7
BRDA:27,1,0,0
BRDA:27,1,1,0
BRDA:27,2,0,0
BRDA:27,2,1,0
BRDA:37,3,0,0
BRDA:37,3,1,0
BRDA:37,4,0,0
BRDA:37,4,1,0
BRF:8
BRH:0
end_of_record
TN:
SF:C:\Users\ayush.srivastava03\Desktop\hoopla-project\hoopla-angular-material\hoopla-users-backend\src\model\Product.js
FNF:0
FNH:0
DA:1,1
DA:383,1
LF:2
LH:2
BRF:0
BRH:0
end_of_record
